STAR version=2.7.11a
STAR compilation time,server,dir= :/Users/distiller/project/STARcompile/source
STAR git: On branch master ; commit d57f92d95169a1bb97de791df0321f42634f18c8 ; diff files: 
##### Command Line:
/Users/cindyren/mambaforge/bin/STAR --runThreadN 8 --readFilesIn rna_seq/Rep1_fastq.fastq --genomeDir star --outSAMtype BAM SortedByCoordinate --outFileNamePrefix Rep1_fastq
##### Initial USER parameters from Command Line:
outFileNamePrefix                 Rep1_fastq
###### All USER parameters from Command Line:
runThreadN                    8     ~RE-DEFINED
readFilesIn                   rna_seq/Rep1_fastq.fastq        ~RE-DEFINED
genomeDir                     star     ~RE-DEFINED
outSAMtype                    BAM   SortedByCoordinate        ~RE-DEFINED
outFileNamePrefix             Rep1_fastq     ~RE-DEFINED
##### Finished reading parameters from all sources

##### Final user re-defined parameters-----------------:
runThreadN                        8
genomeDir                         star
readFilesIn                       rna_seq/Rep1_fastq.fastq   
outFileNamePrefix                 Rep1_fastq
outSAMtype                        BAM   SortedByCoordinate   

-------------------------------
##### Final effective command line:
/Users/cindyren/mambaforge/bin/STAR   --runThreadN 8   --genomeDir star   --readFilesIn rna_seq/Rep1_fastq.fastq      --outFileNamePrefix Rep1_fastq   --outSAMtype BAM   SortedByCoordinate   
----------------------------------------

Number of fastq files for each mate = 1
ParametersSolo: --soloCellFilterType CellRanger2.2 filtering parameters:  3000 0.99 10
WARNING: --limitBAMsortRAM=0, will use genome size as RAM limit for BAM sorting
Finished loading and checking parameters

EXITING because of FATAL ERROR: could not open genome file star//genomeParameters.txt
SOLUTION: check that the path to genome files, specified in --genomeDir is correct and the files are present, and have user read permsissions

Nov 26 02:30:57 ...... FATAL ERROR, exiting
