                                 Started job on |	Dec 17 06:24:09
                             Started mapping on |	Dec 17 06:24:21
                                    Finished on |	Dec 17 06:28:59
       Mapping speed, Million of reads per hour |	667.13

                          Number of input reads |	51516878
                      Average input read length |	101
                                    UNIQUE READS:
                   Uniquely mapped reads number |	45501793
                        Uniquely mapped reads % |	88.32%
                          Average mapped length |	100.75
                       Number of splices: Total |	10195995
            Number of splices: Annotated (sjdb) |	10054134
                       Number of splices: GT/AG |	10071248
                       Number of splices: GC/AG |	75703
                       Number of splices: AT/AC |	9595
               Number of splices: Non-canonical |	39449
                      Mismatch rate per base, % |	0.55%
                         Deletion rate per base |	0.02%
                        Deletion average length |	1.86
                        Insertion rate per base |	0.01%
                       Insertion average length |	1.28
                             MULTI-MAPPING READS:
        Number of reads mapped to multiple loci |	4043251
             % of reads mapped to multiple loci |	7.85%
        Number of reads mapped to too many loci |	66938
             % of reads mapped to too many loci |	0.13%
                                  UNMAPPED READS:
       % of reads unmapped: too many mismatches |	0.00%
                 % of reads unmapped: too short |	3.65%
                     % of reads unmapped: other |	0.05%
                                  CHIMERIC READS:
                       Number of chimeric reads |	0
                            % of chimeric reads |	0.00%
