                                 Started job on |	Dec 16 19:56:25
                             Started mapping on |	Dec 16 19:56:44
                                    Finished on |	Dec 16 20:01:59
       Mapping speed, Million of reads per hour |	588.76

                          Number of input reads |	51516878
                      Average input read length |	101
                                    UNIQUE READS:
                   Uniquely mapped reads number |	40754082
                        Uniquely mapped reads % |	79.11%
                          Average mapped length |	100.35
                       Number of splices: Total |	10476195
            Number of splices: Annotated (sjdb) |	10343607
                       Number of splices: GT/AG |	10321782
                       Number of splices: GC/AG |	93724
                       Number of splices: AT/AC |	11682
               Number of splices: Non-canonical |	49007
                      Mismatch rate per base, % |	1.02%
                         Deletion rate per base |	0.02%
                        Deletion average length |	1.72
                        Insertion rate per base |	0.01%
                       Insertion average length |	1.29
                             MULTI-MAPPING READS:
        Number of reads mapped to multiple loci |	4622835
             % of reads mapped to multiple loci |	8.97%
        Number of reads mapped to too many loci |	32995
             % of reads mapped to too many loci |	0.06%
                                  UNMAPPED READS:
       % of reads unmapped: too many mismatches |	0.00%
                 % of reads unmapped: too short |	10.82%
                     % of reads unmapped: other |	1.04%
                                  CHIMERIC READS:
                       Number of chimeric reads |	0
                            % of chimeric reads |	0.00%
