                                 Started job on |	Dec 17 06:24:31
                             Started mapping on |	Dec 17 06:24:43
                                    Finished on |	Dec 17 06:28:45
       Mapping speed, Million of reads per hour |	766.37

                          Number of input reads |	51516878
                      Average input read length |	101
                                    UNIQUE READS:
                   Uniquely mapped reads number |	45966599
                        Uniquely mapped reads % |	89.23%
                          Average mapped length |	100.54
                       Number of splices: Total |	9829893
            Number of splices: Annotated (sjdb) |	9707366
                       Number of splices: GT/AG |	9685087
                       Number of splices: GC/AG |	84740
                       Number of splices: AT/AC |	11285
               Number of splices: Non-canonical |	48781
                      Mismatch rate per base, % |	0.24%
                         Deletion rate per base |	0.03%
                        Deletion average length |	1.26
                        Insertion rate per base |	0.01%
                       Insertion average length |	1.34
                             MULTI-MAPPING READS:
        Number of reads mapped to multiple loci |	4235908
             % of reads mapped to multiple loci |	8.22%
        Number of reads mapped to too many loci |	58889
             % of reads mapped to too many loci |	0.11%
                                  UNMAPPED READS:
       % of reads unmapped: too many mismatches |	0.00%
                 % of reads unmapped: too short |	2.40%
                     % of reads unmapped: other |	0.03%
                                  CHIMERIC READS:
                       Number of chimeric reads |	0
                            % of chimeric reads |	0.00%
